<?xml version="1.0" encoding="UTF-8"?>
<!-- Generated by org.testng.reporters.JUnitReportReporter -->
<testsuite hostname="AcerAspire5" failures="0" tests="1" name="Reallifeexamples.CheckBox" time="1.276" errors="0" timestamp="2024-03-21T17:59:06 IST" skipped="0">
  <testcase classname="Reallifeexamples.CheckBox" name="f" time="1.276"/>
  <system-out/>
</testsuite> <!-- Reallifeexamples.CheckBox -->
