<?xml version="1.0" encoding="UTF-8"?>
<!-- Generated by org.testng.reporters.JUnitReportReporter -->
<testsuite hostname="AcerAspire5" failures="0" tests="2" name="testcase1.NewTest" time="12.283" errors="0" timestamp="2024-04-02T12:39:00 IST" skipped="0">
  <testcase classname="testcase1.NewTest" name="f1" time="7.432"/>
  <testcase classname="testcase1.NewTest" name="f" time="4.851"/>
</testsuite> <!-- testcase1.NewTest -->
