<?xml version="1.0" encoding="UTF-8"?>
<!-- Generated by org.testng.reporters.JUnitReportReporter -->
<testsuite hostname="AcerAspire5" failures="0" tests="1" name="testcase1.Calendar" time="0.643" errors="0" timestamp="2024-04-02T13:02:37 IST" skipped="0">
  <testcase classname="testcase1.Calendar" name="f" time="0.643"/>
</testsuite> <!-- testcase1.Calendar -->
