<?xml version="1.0" encoding="UTF-8"?>
<!-- Generated by org.testng.reporters.JUnitReportReporter -->
<testsuite hostname="AcerAspire5" failures="0" tests="1" name="testcase1.orageHRMLoginpage" time="1.347" errors="0" timestamp="2024-03-16T12:19:56 IST" skipped="0">
  <testcase classname="testcase1.orageHRMLoginpage" name="f" time="1.347"/>
  <system-out/>
</testsuite> <!-- testcase1.orageHRMLoginpage -->
