<?xml version="1.0" encoding="UTF-8"?>
<!-- Generated by org.testng.reporters.JUnitReportReporter -->
<testsuite hostname="AcerAspire5" failures="0" tests="1" name="Reallifeexamples.AutoSuggestive" time="9.154" errors="0" timestamp="2024-03-21T17:39:16 IST" skipped="0">
  <testcase classname="Reallifeexamples.AutoSuggestive" name="f1" time="9.154"/>
  <system-out/>
</testsuite> <!-- Reallifeexamples.AutoSuggestive -->
