<?xml version="1.0" encoding="UTF-8"?>
<!-- Generated by org.testng.reporters.JUnitReportReporter -->
<testsuite hostname="AcerAspire5" failures="0" tests="2" name="testcase1.orageHRMLoginpage" time="3.916" errors="0" timestamp="2024-03-16T22:22:30 IST" skipped="0">
  <testcase classname="testcase1.orageHRMLoginpage" name="f" time="1.855"/>
  <system-out/>
  <testcase classname="testcase1.orageHRMLoginpage" name="f1" time="2.061"/>
  <system-out/>
</testsuite> <!-- testcase1.orageHRMLoginpage -->
