<?xml version="1.0" encoding="UTF-8"?>
<!-- Generated by org.testng.reporters.JUnitReportReporter -->
<testsuite hostname="AcerAspire5" failures="0" tests="1" name="testcase1.e2eJet" time="5.924" errors="0" timestamp="2024-04-02T13:15:33 IST" skipped="0">
  <testcase classname="testcase1.e2eJet" name="f" time="5.924"/>
</testsuite> <!-- testcase1.e2eJet -->
