<?xml version="1.0" encoding="UTF-8"?>
<!-- Generated by org.testng.reporters.JUnitReportReporter -->
<testsuite hostname="AcerAspire5" failures="0" tests="1" name="testcase1.AlertCase" time="2.115" errors="0" timestamp="2024-04-02T15:28:45 IST" skipped="0">
  <testcase classname="testcase1.AlertCase" name="f" time="2.115"/>
</testsuite> <!-- testcase1.AlertCase -->
