<?xml version="1.0" encoding="UTF-8"?>
<!-- Generated by org.testng.reporters.JUnitReportReporter -->
<testsuite hostname="AcerAspire5" failures="0" tests="2" name="testcase1.NewTest" time="4.546" errors="0" timestamp="2024-04-01T12:29:58 IST" skipped="0">
  <testcase classname="testcase1.NewTest" name="f1" time="2.273"/>
  <testcase classname="testcase1.NewTest" name="f" time="2.273"/>
</testsuite> <!-- testcase1.NewTest -->
