<?xml version="1.0" encoding="UTF-8"?>
<!-- Generated by org.testng.reporters.JUnitReportReporter -->
<testsuite hostname="AcerAspire5" failures="0" tests="1" name="Reallifeexamples.noOflinks" time="13.655" errors="0" timestamp="2024-03-28T11:22:27 IST" skipped="0">
  <testcase classname="Reallifeexamples.noOflinks" name="f" time="13.655"/>
</testsuite> <!-- Reallifeexamples.noOflinks -->
