<?xml version="1.0" encoding="UTF-8"?>
<!-- Generated by org.testng.reporters.JUnitReportReporter -->
<testsuite hostname="AcerAspire5" failures="0" tests="1" name="testcase1.realtimeCases" time="13.787" errors="0" timestamp="2024-03-17T02:03:07 IST" skipped="0">
  <testcase classname="testcase1.realtimeCases" name="f" time="13.787"/>
  <system-out/>
</testsuite> <!-- testcase1.realtimeCases -->
