<?xml version="1.0" encoding="UTF-8"?>
<!-- Generated by org.testng.reporters.JUnitReportReporter -->
<testsuite hostname="AcerAspire5" failures="0" tests="1" name="testPackage.Testcase1" time="0.011" errors="0" timestamp="2024-03-08T00:16:06 IST" skipped="0">
  <testcase classname="testPackage.Testcase1" name="f" time="0.011"/>
  <system-out/>
</testsuite> <!-- testPackage.Testcase1 -->
