<?xml version="1.0" encoding="UTF-8"?>
<!-- Generated by org.testng.reporters.JUnitReportReporter -->
<testsuite hostname="AcerAspire5" failures="0" tests="1" name="Reallifeexamples.CheckBox" time="1.242" errors="0" timestamp="2024-03-28T11:05:52 IST" skipped="0">
  <testcase classname="Reallifeexamples.CheckBox" name="f" time="1.242"/>
</testsuite> <!-- Reallifeexamples.CheckBox -->
